1657265695.488873 client started (131018): version 3.0a, socket /tmp//tmux-1000/default, protocol 8
1657265695.488900 on Linux 5.4.0-121-generic #137-Ubuntu SMP Wed Jun 15 13:33:07 UTC 2022; libevent 2.1.11-stable (poll)
1657265695.488921 socket is /tmp//tmux-1000/default
1657265695.488934 trying connect
1657265695.489006 add peer 0x5604f14bdbd0: 6 ((nil))
1657265695.489102 sending message 100 to peer 0x5604f14bdbd0 (4 bytes)
1657265695.489113 sending message 101 to peer 0x5604f14bdbd0 (16 bytes)
1657265695.489119 sending message 102 to peer 0x5604f14bdbd0 (12 bytes)
1657265695.489124 sending message 108 to peer 0x5604f14bdbd0 (26 bytes)
1657265695.489131 sending message 104 to peer 0x5604f14bdbd0 (0 bytes)
1657265695.489138 sending message 107 to peer 0x5604f14bdbd0 (4 bytes)
1657265695.489143 sending message 105 to peer 0x5604f14bdbd0 (24 bytes)
1657265695.489148 sending message 105 to peer 0x5604f14bdbd0 (20 bytes)
1657265695.489154 sending message 105 to peer 0x5604f14bdbd0 (54 bytes)
1657265695.489159 sending message 105 to peer 0x5604f14bdbd0 (51 bytes)
1657265695.489164 sending message 105 to peer 0x5604f14bdbd0 (23 bytes)
1657265695.489170 sending message 105 to peer 0x5604f14bdbd0 (11 bytes)
1657265695.489175 sending message 105 to peer 0x5604f14bdbd0 (18 bytes)
1657265695.489180 sending message 105 to peer 0x5604f14bdbd0 (24 bytes)
1657265695.489186 sending message 105 to peer 0x5604f14bdbd0 (33 bytes)
1657265695.489194 sending message 105 to peer 0x5604f14bdbd0 (44 bytes)
1657265695.489200 sending message 105 to peer 0x5604f14bdbd0 (32 bytes)
1657265695.489205 sending message 105 to peer 0x5604f14bdbd0 (86 bytes)
1657265695.489210 sending message 105 to peer 0x5604f14bdbd0 (30 bytes)
1657265695.489215 sending message 105 to peer 0x5604f14bdbd0 (52 bytes)
1657265695.489220 sending message 105 to peer 0x5604f14bdbd0 (20 bytes)
1657265695.489225 sending message 105 to peer 0x5604f14bdbd0 (28 bytes)
1657265695.489230 sending message 105 to peer 0x5604f14bdbd0 (17 bytes)
1657265695.489235 sending message 105 to peer 0x5604f14bdbd0 (18 bytes)
1657265695.489240 sending message 105 to peer 0x5604f14bdbd0 (47 bytes)
1657265695.489245 sending message 105 to peer 0x5604f14bdbd0 (23 bytes)
1657265695.489250 sending message 105 to peer 0x5604f14bdbd0 (17 bytes)
1657265695.489255 sending message 105 to peer 0x5604f14bdbd0 (35 bytes)
1657265695.489260 sending message 105 to peer 0x5604f14bdbd0 (14 bytes)
1657265695.489266 sending message 105 to peer 0x5604f14bdbd0 (1506 bytes)
1657265695.489284 sending message 105 to peer 0x5604f14bdbd0 (16 bytes)
1657265695.489290 sending message 105 to peer 0x5604f14bdbd0 (54 bytes)
1657265695.489296 sending message 105 to peer 0x5604f14bdbd0 (392 bytes)
1657265695.489301 sending message 105 to peer 0x5604f14bdbd0 (30 bytes)
1657265695.489307 sending message 105 to peer 0x5604f14bdbd0 (20 bytes)
1657265695.489312 sending message 105 to peer 0x5604f14bdbd0 (19 bytes)
1657265695.489317 sending message 105 to peer 0x5604f14bdbd0 (19 bytes)
1657265695.489323 sending message 105 to peer 0x5604f14bdbd0 (17 bytes)
1657265695.489328 sending message 105 to peer 0x5604f14bdbd0 (80 bytes)
1657265695.489334 sending message 105 to peer 0x5604f14bdbd0 (20 bytes)
1657265695.489339 sending message 105 to peer 0x5604f14bdbd0 (8 bytes)
1657265695.489344 sending message 105 to peer 0x5604f14bdbd0 (19 bytes)
1657265695.489349 sending message 105 to peer 0x5604f14bdbd0 (41 bytes)
1657265695.489355 sending message 105 to peer 0x5604f14bdbd0 (21 bytes)
1657265695.489360 sending message 105 to peer 0x5604f14bdbd0 (37 bytes)
1657265695.489365 sending message 105 to peer 0x5604f14bdbd0 (14 bytes)
1657265695.489370 sending message 105 to peer 0x5604f14bdbd0 (11 bytes)
1657265695.489376 sending message 105 to peer 0x5604f14bdbd0 (15 bytes)
1657265695.489381 sending message 105 to peer 0x5604f14bdbd0 (17 bytes)
1657265695.489386 sending message 105 to peer 0x5604f14bdbd0 (13 bytes)
1657265695.489391 sending message 105 to peer 0x5604f14bdbd0 (41 bytes)
1657265695.489396 sending message 105 to peer 0x5604f14bdbd0 (45 bytes)
1657265695.489411 sending message 105 to peer 0x5604f14bdbd0 (33 bytes)
1657265695.489417 sending message 105 to peer 0x5604f14bdbd0 (85 bytes)
1657265695.489422 sending message 105 to peer 0x5604f14bdbd0 (23 bytes)
1657265695.489427 sending message 105 to peer 0x5604f14bdbd0 (31 bytes)
1657265695.489433 sending message 105 to peer 0x5604f14bdbd0 (23 bytes)
1657265695.489438 sending message 105 to peer 0x5604f14bdbd0 (27 bytes)
1657265695.489444 sending message 105 to peer 0x5604f14bdbd0 (21 bytes)
1657265695.489449 sending message 105 to peer 0x5604f14bdbd0 (21 bytes)
1657265695.489455 sending message 106 to peer 0x5604f14bdbd0 (0 bytes)
1657265695.489460 sending message 200 to peer 0x5604f14bdbd0 (4 bytes)
1657265695.489465 client loop enter
1657265695.490002 peer 0x5604f14bdbd0 message 211
1657265695.490019 client_write: sessions should be nested with care, unset $TMUX to force\n
1657265695.490038 peer 0x5604f14bdbd0 message 203
1657265695.490049 client loop exit
