1657265713.239190 client started (131116): version 3.0a, socket /tmp//tmux-1000/default, protocol 8
1657265713.239253 on Linux 5.4.0-121-generic #137-Ubuntu SMP Wed Jun 15 13:33:07 UTC 2022; libevent 2.1.11-stable (poll)
1657265713.239304 socket is /tmp//tmux-1000/default
1657265713.239331 trying connect
1657265713.239510 add peer 0x5652873cabd0: 6 ((nil))
1657265713.239688 sending message 100 to peer 0x5652873cabd0 (4 bytes)
1657265713.239710 sending message 101 to peer 0x5652873cabd0 (16 bytes)
1657265713.239720 sending message 102 to peer 0x5652873cabd0 (12 bytes)
1657265713.239731 sending message 108 to peer 0x5652873cabd0 (26 bytes)
1657265713.239744 sending message 104 to peer 0x5652873cabd0 (0 bytes)
1657265713.239756 sending message 107 to peer 0x5652873cabd0 (4 bytes)
1657265713.239766 sending message 105 to peer 0x5652873cabd0 (24 bytes)
1657265713.239776 sending message 105 to peer 0x5652873cabd0 (20 bytes)
1657265713.239787 sending message 105 to peer 0x5652873cabd0 (54 bytes)
1657265713.239797 sending message 105 to peer 0x5652873cabd0 (51 bytes)
1657265713.239807 sending message 105 to peer 0x5652873cabd0 (23 bytes)
1657265713.239818 sending message 105 to peer 0x5652873cabd0 (11 bytes)
1657265713.239828 sending message 105 to peer 0x5652873cabd0 (18 bytes)
1657265713.239838 sending message 105 to peer 0x5652873cabd0 (24 bytes)
1657265713.239848 sending message 105 to peer 0x5652873cabd0 (33 bytes)
1657265713.239866 sending message 105 to peer 0x5652873cabd0 (44 bytes)
1657265713.239876 sending message 105 to peer 0x5652873cabd0 (32 bytes)
1657265713.239886 sending message 105 to peer 0x5652873cabd0 (86 bytes)
1657265713.239896 sending message 105 to peer 0x5652873cabd0 (30 bytes)
1657265713.239905 sending message 105 to peer 0x5652873cabd0 (52 bytes)
1657265713.239915 sending message 105 to peer 0x5652873cabd0 (20 bytes)
1657265713.239924 sending message 105 to peer 0x5652873cabd0 (28 bytes)
1657265713.239934 sending message 105 to peer 0x5652873cabd0 (17 bytes)
1657265713.239944 sending message 105 to peer 0x5652873cabd0 (18 bytes)
1657265713.239953 sending message 105 to peer 0x5652873cabd0 (47 bytes)
1657265713.239963 sending message 105 to peer 0x5652873cabd0 (23 bytes)
1657265713.239972 sending message 105 to peer 0x5652873cabd0 (17 bytes)
1657265713.239981 sending message 105 to peer 0x5652873cabd0 (35 bytes)
1657265713.239991 sending message 105 to peer 0x5652873cabd0 (14 bytes)
1657265713.240001 sending message 105 to peer 0x5652873cabd0 (1506 bytes)
1657265713.240035 sending message 105 to peer 0x5652873cabd0 (16 bytes)
1657265713.240046 sending message 105 to peer 0x5652873cabd0 (54 bytes)
1657265713.240057 sending message 105 to peer 0x5652873cabd0 (392 bytes)
1657265713.240068 sending message 105 to peer 0x5652873cabd0 (30 bytes)
1657265713.240078 sending message 105 to peer 0x5652873cabd0 (20 bytes)
1657265713.240088 sending message 105 to peer 0x5652873cabd0 (19 bytes)
1657265713.240098 sending message 105 to peer 0x5652873cabd0 (19 bytes)
1657265713.240108 sending message 105 to peer 0x5652873cabd0 (17 bytes)
1657265713.240119 sending message 105 to peer 0x5652873cabd0 (80 bytes)
1657265713.240129 sending message 105 to peer 0x5652873cabd0 (20 bytes)
1657265713.240139 sending message 105 to peer 0x5652873cabd0 (8 bytes)
1657265713.240149 sending message 105 to peer 0x5652873cabd0 (19 bytes)
1657265713.240159 sending message 105 to peer 0x5652873cabd0 (41 bytes)
1657265713.240169 sending message 105 to peer 0x5652873cabd0 (21 bytes)
1657265713.240179 sending message 105 to peer 0x5652873cabd0 (37 bytes)
1657265713.240189 sending message 105 to peer 0x5652873cabd0 (14 bytes)
1657265713.240199 sending message 105 to peer 0x5652873cabd0 (11 bytes)
1657265713.240209 sending message 105 to peer 0x5652873cabd0 (15 bytes)
1657265713.240219 sending message 105 to peer 0x5652873cabd0 (17 bytes)
1657265713.240229 sending message 105 to peer 0x5652873cabd0 (13 bytes)
1657265713.240239 sending message 105 to peer 0x5652873cabd0 (41 bytes)
1657265713.240249 sending message 105 to peer 0x5652873cabd0 (45 bytes)
1657265713.240278 sending message 105 to peer 0x5652873cabd0 (33 bytes)
1657265713.240289 sending message 105 to peer 0x5652873cabd0 (85 bytes)
1657265713.240299 sending message 105 to peer 0x5652873cabd0 (23 bytes)
1657265713.240309 sending message 105 to peer 0x5652873cabd0 (31 bytes)
1657265713.240320 sending message 105 to peer 0x5652873cabd0 (23 bytes)
1657265713.240330 sending message 105 to peer 0x5652873cabd0 (27 bytes)
1657265713.240340 sending message 105 to peer 0x5652873cabd0 (21 bytes)
1657265713.240350 sending message 105 to peer 0x5652873cabd0 (21 bytes)
1657265713.240360 sending message 106 to peer 0x5652873cabd0 (0 bytes)
1657265713.240371 sending message 200 to peer 0x5652873cabd0 (4 bytes)
1657265713.240381 client loop enter
1657265713.241301 peer 0x5652873cabd0 message 211
1657265713.241335 client_write: sessions should be nested with care, unset $TMUX to force\n
1657265713.241371 peer 0x5652873cabd0 message 203
1657265713.241386 client loop exit
